0 info it worked if it ends with ok
1 verbose cli [ '/usr/bin/node', '/usr/bin/npm', 'run', 'build' ]
2 info using npm@6.14.8
3 info using node@v14.14.0
4 verbose run-script [ 'prebuild', 'build', 'postbuild' ]
5 info lifecycle starter-kit@0.1.0~prebuild: starter-kit@0.1.0
6 info lifecycle starter-kit@0.1.0~build: starter-kit@0.1.0
7 verbose lifecycle starter-kit@0.1.0~build: unsafe-perm in lifecycle true
8 verbose lifecycle starter-kit@0.1.0~build: PATH: /usr/lib/node_modules/npm/node_modules/npm-lifecycle/node-gyp-bin:/home/toor/starter-kit/node_modules/.bin:/home/toor/.local/bin:/home/toor/bin:/usr/local/sbin:/usr/local/bin:/usr/sbin:/usr/bin:/sbin:/bin
9 verbose lifecycle starter-kit@0.1.0~build: CWD: /home/toor/starter-kit
10 silly lifecycle starter-kit@0.1.0~build: Args: [ '-c', 'webpack' ]
11 silly lifecycle starter-kit@0.1.0~build: Returned: code: 2  signal: null
12 info lifecycle starter-kit@0.1.0~build: Failed to exec build script
13 verbose stack Error: starter-kit@0.1.0 build: `webpack`
13 verbose stack Exit status 2
13 verbose stack     at EventEmitter.<anonymous> (/usr/lib/node_modules/npm/node_modules/npm-lifecycle/index.js:332:16)
13 verbose stack     at EventEmitter.emit (events.js:315:20)
13 verbose stack     at ChildProcess.<anonymous> (/usr/lib/node_modules/npm/node_modules/npm-lifecycle/lib/spawn.js:55:14)
13 verbose stack     at ChildProcess.emit (events.js:315:20)
13 verbose stack     at maybeClose (internal/child_process.js:1048:16)
13 verbose stack     at Process.ChildProcess._handle.onexit (internal/child_process.js:288:5)
14 verbose pkgid starter-kit@0.1.0
15 verbose cwd /home/toor/starter-kit
16 verbose Linux 5.9.12-200.fc33.x86_64
17 verbose argv "/usr/bin/node" "/usr/bin/npm" "run" "build"
18 verbose node v14.14.0
19 verbose npm  v6.14.8
20 error code ELIFECYCLE
21 error errno 2
22 error starter-kit@0.1.0 build: `webpack`
22 error Exit status 2
23 error Failed at the starter-kit@0.1.0 build script.
23 error This is probably not a problem with npm. There is likely additional logging output above.
24 verbose exit [ 2, true ]
